[debug] [2026-05-14T23:34:11.638Z] ----------------------------------------------------------------------
[debug] [2026-05-14T23:34:12.082Z] Command:       C:\Program Files\nodejs\node.exe C:\Users\Usuario\AppData\Roaming\npm\node_modules\firebase-tools\lib\bin\firebase.js deploy --only hosting
[debug] [2026-05-14T23:34:12.083Z] CLI Version:   15.17.0
[debug] [2026-05-14T23:34:12.083Z] Platform:      win32
[debug] [2026-05-14T23:34:12.084Z] Node Version:  v24.15.0
[debug] [2026-05-14T23:34:12.085Z] Time:          Thu May 14 2026 18:34:12 GMT-0500 (hora estándar de Colombia)
[debug] [2026-05-14T23:34:12.087Z] ----------------------------------------------------------------------
[debug] 
[debug] [2026-05-14T23:34:20.801Z] > command requires scopes: ["email","openid","https://www.googleapis.com/auth/cloudplatformprojects.readonly","https://www.googleapis.com/auth/firebase","https://www.googleapis.com/auth/cloud-platform"]
[debug] [2026-05-14T23:34:20.802Z] > authorizing via signed-in user (coxc4418@gmail.com)
[debug] [2026-05-14T23:34:20.803Z] [iam] checking project dientesbot for permissions ["firebase.projects.get","firebasehosting.sites.update"]
[debug] [2026-05-14T23:34:20.809Z] Checked if tokens are valid: true, expires at: 1778802966756
[debug] [2026-05-14T23:34:20.809Z] Checked if tokens are valid: true, expires at: 1778802966756
[debug] [2026-05-14T23:34:20.813Z] >>> [apiv2][query] POST https://cloudresourcemanager.googleapis.com/v1/projects/dientesbot:testIamPermissions [none]
[debug] [2026-05-14T23:34:20.813Z] >>> [apiv2][(partial)header] POST https://cloudresourcemanager.googleapis.com/v1/projects/dientesbot:testIamPermissions  x-goog-user-project=dientesbot
[debug] [2026-05-14T23:34:20.813Z] >>> [apiv2][body] POST https://cloudresourcemanager.googleapis.com/v1/projects/dientesbot:testIamPermissions {"permissions":["firebase.projects.get","firebasehosting.sites.update"]}
[debug] [2026-05-14T23:34:21.381Z] <<< [apiv2][status] POST https://cloudresourcemanager.googleapis.com/v1/projects/dientesbot:testIamPermissions 200
[debug] [2026-05-14T23:34:21.382Z] <<< [apiv2][body] POST https://cloudresourcemanager.googleapis.com/v1/projects/dientesbot:testIamPermissions {"permissions":["firebase.projects.get","firebasehosting.sites.update"]}
[debug] [2026-05-14T23:34:21.383Z] Checked if tokens are valid: true, expires at: 1778802966756
[debug] [2026-05-14T23:34:21.383Z] Checked if tokens are valid: true, expires at: 1778802966756
[debug] [2026-05-14T23:34:21.384Z] >>> [apiv2][query] GET https://firebase.googleapis.com/v1beta1/projects/dientesbot [none]
[debug] [2026-05-14T23:34:21.883Z] <<< [apiv2][status] GET https://firebase.googleapis.com/v1beta1/projects/dientesbot 200
[debug] [2026-05-14T23:34:21.883Z] <<< [apiv2][body] GET https://firebase.googleapis.com/v1beta1/projects/dientesbot {"projectId":"dientesbot","projectNumber":"346603225242","displayName":"DientesBot","name":"projects/dientesbot","resources":{"hostingSite":"dientesbot"},"state":"ACTIVE","etag":"1_3d9b7142-dedc-44a3-9375-0264ec183c02"}
[info] 
[info] === Deploying to 'dientesbot'...
[info] 
[info] i  deploying hosting 
[debug] [2026-05-14T23:34:21.902Z] Checked if tokens are valid: true, expires at: 1778802966756
[debug] [2026-05-14T23:34:21.902Z] Checked if tokens are valid: true, expires at: 1778802966756
[debug] [2026-05-14T23:34:21.903Z] >>> [apiv2][query] GET https://firebasehosting.googleapis.com/v1beta1/projects/dientesbot/sites/dientesbot [none]
[debug] [2026-05-14T23:34:23.058Z] <<< [apiv2][status] GET https://firebasehosting.googleapis.com/v1beta1/projects/dientesbot/sites/dientesbot 200
[debug] [2026-05-14T23:34:23.058Z] <<< [apiv2][body] GET https://firebasehosting.googleapis.com/v1beta1/projects/dientesbot/sites/dientesbot {"name":"projects/dientesbot/sites/dientesbot","defaultUrl":"https://dientesbot.web.app","appId":"1:346603225242:web:23cfdb81a10a75ec405f23","type":"DEFAULT_SITE"}
[debug] [2026-05-14T23:34:23.060Z] Checked if tokens are valid: true, expires at: 1778802966756
[debug] [2026-05-14T23:34:23.060Z] Checked if tokens are valid: true, expires at: 1778802966756
[debug] [2026-05-14T23:34:23.060Z] >>> [apiv2][query] POST https://firebasehosting.googleapis.com/v1beta1/projects/-/sites/dientesbot/versions [none]
[debug] [2026-05-14T23:34:23.060Z] >>> [apiv2][body] POST https://firebasehosting.googleapis.com/v1beta1/projects/-/sites/dientesbot/versions {"status":"CREATED","labels":{"deployment-tool":"cli-firebase"}}
[debug] [2026-05-14T23:34:23.884Z] <<< [apiv2][status] POST https://firebasehosting.googleapis.com/v1beta1/projects/-/sites/dientesbot/versions 200
[debug] [2026-05-14T23:34:23.884Z] <<< [apiv2][body] POST https://firebasehosting.googleapis.com/v1beta1/projects/-/sites/dientesbot/versions {"name":"projects/346603225242/sites/dientesbot/versions/9d29f6902295d717","status":"CREATED","config":{},"labels":{"deployment-tool":"cli-firebase"}}
[info] i  hosting[dientesbot]: beginning deploy... 
[info] i  hosting[dientesbot]: found 6 files in artifacts/crm/dist/public 
[debug] [2026-05-14T23:34:23.920Z] [hosting] uploading with 200 concurrency
[debug] [2026-05-14T23:34:23.929Z] Checked if tokens are valid: true, expires at: 1778802966756
[debug] [2026-05-14T23:34:23.930Z] Checked if tokens are valid: true, expires at: 1778802966756
[debug] [2026-05-14T23:34:23.932Z] [hosting] hash cache [YXJ0aWZhY3RzXGNybVxkaXN0XHB1YmxpYw] stored for 6 files
[debug] [2026-05-14T23:34:23.933Z] [hosting][hash queue][FINAL] {"max":3,"min":1,"avg":1,"active":0,"complete":6,"success":6,"errored":0,"retried":0,"total":6,"elapsed":6}
[debug] [2026-05-14T23:34:23.933Z] >>> [apiv2][query] POST https://firebasehosting.googleapis.com/v1beta1/projects/346603225242/sites/dientesbot/versions/9d29f6902295d717:populateFiles [none]
[debug] [2026-05-14T23:34:23.933Z] >>> [apiv2][body] POST https://firebasehosting.googleapis.com/v1beta1/projects/346603225242/sites/dientesbot/versions/9d29f6902295d717:populateFiles {"files":{"/opengraph.jpg":"cf850f8991dff8c9a3d5f421902e04b14ecda262c659c38acdb1f93726f3ca43","/logo.jpg":"a2b42b42ca5d9bac7c8b251910a2e539c1e85e7fd2068e3874f306110499d253","/index.html":"1c28bd1b2c14ab7e7f013ad71eea8a7e1fdc2dc89f8536d19ecc2f9e4c42b389","/favicon.svg":"6caf053037a1bd37c1777aa2ebd3d70b89c365ac4194254b34e1d418d7f6b567","/assets/index-CPGKNXFX.css":"dbb870d82a9d3a3c22d628fab41dc6c8d5756e2a3cda183d81d7fb13b31319c7","/assets/index-CKeL0sp2.js":"3fc9a75a53724db896ae3969aa90fd2966f6a410186ba6cfbfc116410c9924a8"}}
[debug] [2026-05-14T23:34:24.469Z] <<< [apiv2][status] POST https://firebasehosting.googleapis.com/v1beta1/projects/346603225242/sites/dientesbot/versions/9d29f6902295d717:populateFiles 200
[debug] [2026-05-14T23:34:24.469Z] <<< [apiv2][body] POST https://firebasehosting.googleapis.com/v1beta1/projects/346603225242/sites/dientesbot/versions/9d29f6902295d717:populateFiles {"uploadUrl":"https://upload-firebasehosting.googleapis.com/upload/sites/dientesbot/versions/9d29f6902295d717/files"}
[debug] [2026-05-14T23:34:24.469Z] [hosting][populate queue][FINAL] {"max":540,"min":540,"avg":540,"active":0,"complete":1,"success":1,"errored":0,"retried":0,"total":1,"elapsed":540}
[debug] [2026-05-14T23:34:24.469Z] [hosting] uploads queued: 0
[debug] [2026-05-14T23:34:24.470Z] [hosting][upload queue][FINAL] {"max":0,"min":9999999999,"avg":0,"active":0,"complete":0,"success":0,"errored":0,"retried":0,"total":0,"elapsed":1778801664470}
[info] i  hosting: upload complete 
[info] +  hosting[dientesbot]: file upload complete 
[debug] [2026-05-14T23:34:24.472Z] [hosting] deploy completed after 581ms
[debug] [2026-05-14T23:34:24.474Z] [
  {
    "config": {
      "public": "artifacts/crm/dist/public",
      "ignore": [
        "firebase.json",
        "**/.*",
        "**/node_modules/**"
      ],
      "rewrites": [
        {
          "source": "**",
          "destination": "/index.html"
        }
      ],
      "site": "dientesbot"
    },
    "version": "projects/346603225242/sites/dientesbot/versions/9d29f6902295d717"
  }
]
[info] i  hosting[dientesbot]: finalizing version... 
[debug] [2026-05-14T23:34:24.479Z] Checked if tokens are valid: true, expires at: 1778802966756
[debug] [2026-05-14T23:34:24.479Z] Checked if tokens are valid: true, expires at: 1778802966756
[debug] [2026-05-14T23:34:24.480Z] >>> [apiv2][query] PATCH https://firebasehosting.googleapis.com/v1beta1/projects/-/sites/dientesbot/versions/9d29f6902295d717 updateMask=status%2Cconfig
[debug] [2026-05-14T23:34:24.480Z] >>> [apiv2][body] PATCH https://firebasehosting.googleapis.com/v1beta1/projects/-/sites/dientesbot/versions/9d29f6902295d717 {"status":"FINALIZED","config":{"rewrites":[{"glob":"**","path":"/index.html"}]}}
[debug] [2026-05-14T23:34:25.047Z] <<< [apiv2][status] PATCH https://firebasehosting.googleapis.com/v1beta1/projects/-/sites/dientesbot/versions/9d29f6902295d717 200
[debug] [2026-05-14T23:34:25.047Z] <<< [apiv2][body] PATCH https://firebasehosting.googleapis.com/v1beta1/projects/-/sites/dientesbot/versions/9d29f6902295d717 {"name":"projects/346603225242/sites/dientesbot/versions/9d29f6902295d717","status":"FINALIZED","config":{"rewrites":[{"glob":"**","path":"/index.html"}]},"labels":{"deployment-tool":"cli-firebase"},"createTime":"2026-05-14T23:34:24.487431Z","createUser":{"email":"coxc4418@gmail.com"},"finalizeTime":"2026-05-14T23:34:26.077265Z","finalizeUser":{"email":"coxc4418@gmail.com"}}
[debug] [2026-05-14T23:34:25.047Z] [hosting] finalized version for dientesbot:[object Object]
[info] +  hosting[dientesbot]: version finalized 
[info] i  hosting[dientesbot]: releasing new version... 
[debug] [2026-05-14T23:34:25.048Z] Checked if tokens are valid: true, expires at: 1778802966756
[debug] [2026-05-14T23:34:25.048Z] Checked if tokens are valid: true, expires at: 1778802966756
[debug] [2026-05-14T23:34:25.049Z] >>> [apiv2][query] POST https://firebasehosting.googleapis.com/v1beta1/projects/-/sites/dientesbot/channels/live/releases versionName=projects%2F346603225242%2Fsites%2Fdientesbot%2Fversions%2F9d29f6902295d717
[debug] [2026-05-14T23:34:25.049Z] >>> [apiv2][body] POST https://firebasehosting.googleapis.com/v1beta1/projects/-/sites/dientesbot/channels/live/releases {}
[debug] [2026-05-14T23:34:25.697Z] <<< [apiv2][status] POST https://firebasehosting.googleapis.com/v1beta1/projects/-/sites/dientesbot/channels/live/releases 200
[debug] [2026-05-14T23:34:25.697Z] <<< [apiv2][body] POST https://firebasehosting.googleapis.com/v1beta1/projects/-/sites/dientesbot/channels/live/releases {"name":"projects/346603225242/sites/dientesbot/channels/live/releases/1778801666068000","version":{"name":"projects/346603225242/sites/dientesbot/versions/9d29f6902295d717","status":"FINALIZED","config":{"rewrites":[{"glob":"**","path":"/index.html"}]},"labels":{"deployment-tool":"cli-firebase"},"createTime":"2026-05-14T23:34:24.487431Z","createUser":{"email":"coxc4418@gmail.com","imageUrl":"https://lh3.googleusercontent.com/a/ACg8ocI-snmlhxNoO28rA8-b1HJucggebSsdAgpJyLW6US9B00NIww=mo"},"finalizeTime":"2026-05-14T23:34:26.077265Z","finalizeUser":{"email":"coxc4418@gmail.com","imageUrl":"https://lh3.googleusercontent.com/a/ACg8ocI-snmlhxNoO28rA8-b1HJucggebSsdAgpJyLW6US9B00NIww=mo"}},"type":"DEPLOY","releaseTime":"2026-05-14T23:34:26.068Z","releaseUser":{"email":"coxc4418@gmail.com","imageUrl":"https://lh3.googleusercontent.com/a/ACg8ocI-snmlhxNoO28rA8-b1HJucggebSsdAgpJyLW6US9B00NIww=mo"}}
[debug] [2026-05-14T23:34:25.698Z] [hosting] release: {"name":"projects/346603225242/sites/dientesbot/channels/live/releases/1778801666068000","version":{"name":"projects/346603225242/sites/dientesbot/versions/9d29f6902295d717","status":"FINALIZED","config":{"rewrites":[{"glob":"**","path":"/index.html"}]},"labels":{"deployment-tool":"cli-firebase"},"createTime":"2026-05-14T23:34:24.487431Z","createUser":{"email":"coxc4418@gmail.com","imageUrl":"https://lh3.googleusercontent.com/a/ACg8ocI-snmlhxNoO28rA8-b1HJucggebSsdAgpJyLW6US9B00NIww=mo"},"finalizeTime":"2026-05-14T23:34:26.077265Z","finalizeUser":{"email":"coxc4418@gmail.com","imageUrl":"https://lh3.googleusercontent.com/a/ACg8ocI-snmlhxNoO28rA8-b1HJucggebSsdAgpJyLW6US9B00NIww=mo"}},"type":"DEPLOY","releaseTime":"2026-05-14T23:34:26.068Z","releaseUser":{"email":"coxc4418@gmail.com","imageUrl":"https://lh3.googleusercontent.com/a/ACg8ocI-snmlhxNoO28rA8-b1HJucggebSsdAgpJyLW6US9B00NIww=mo"}}
[info] +  hosting[dientesbot]: release complete 
[info] 
[info] +  Deploy complete! 
[info] 
[info] Project Console: https://console.firebase.google.com/project/dientesbot/overview
[info] Hosting URL: https://dientesbot.web.app
[debug] [2026-05-14T23:34:25.711Z] Error: EBUSY: resource busy or locked, unlink 'C:\Users\Usuario\Desktop\Dental-Health-Tracker\firebase-debug.log'
    at Object.unlinkSync (node:fs:1932:11)
    at process.<anonymous> (C:\Users\Usuario\AppData\Roaming\npm\node_modules\firebase-tools\lib\bin\cli.js:44:16)
    at process.emit (node:events:521:24)
    at process.exit (node:internal/process/per_thread:236:15)
    at C:\Users\Usuario\AppData\Roaming\npm\node_modules\firebase-tools\lib\command.js:131:25
    at process.processTicksAndRejections (node:internal/process/task_queues:104:5)
[error] 
[error] Error: An unexpected error has occurred.
